2025-01-01 fix async issue [1]
2025-01-01 update build script [2]
2025-01-01 update API keys [3]
2025-01-01 fix encoding issue [4]
2025-01-01 fix async issue [5]
2025-01-01 update constants [6]
2025-01-01 restructure project [7]
2025-01-01 reduce complexity [8]
2025-01-01 add logging [9]
2025-01-01 minor tweaks [10]
2025-01-01 update logging [11]
2025-01-01 clean project structure [12]
2025-01-01 update configs [13]
2025-01-01 update schema migration [14]
2025-01-01 fix bug [15]
2025-01-01 fix async issue [16]
2025-01-01 improve logging format [17]
2025-01-01 add sample data [18]
2025-01-01 improve security [19]
2025-01-01 reorganize files [20]
2025-01-01 simplify logic [21]
2025-01-02 update feature [1]
2025-01-02 change configuration [2]
2025-01-02 update LICENSE [3]
2025-01-02 small refactor [4]
2025-01-02 fix timezone issue [5]
2025-01-02 tweak configs [6]
2025-01-02 update README [7]
2025-01-02 add TODOs [8]
2025-01-02 clean project structure [9]
2025-01-02 reformat code [10]
2025-01-02 simplify logic [11]
2025-01-02 fix typo in docs [12]
2025-01-02 refactor code [13]
2025-01-02 update feature [14]
2025-01-02 security patch [15]
2025-01-02 minor refactor [16]
2025-01-02 fix misconfiguration [17]
2025-01-02 fix config bug [18]
2025-01-02 rollback changes [19]
2025-01-02 improve caching [20]
2025-01-02 rebuild project [21]
2025-01-02 refactor code [22]
2025-01-02 minor refactor [23]
2025-01-02 fix warnings [24]
